Start testing: Jul 29 12:08 PDT
----------------------------------------------------------
5/5 Testing: RunFunctionsTest
5/5 Test: RunFunctionsTest
Command: "/home/username/repos/cmake-sandbox/build/Sub_Dir2/RunFunctions"
Directory: /home/username/repos/cmake-sandbox/build/Sub_Dir2
"RunFunctionsTest" start time: Jul 29 12:08 PDT
Output:
----------------------------------------------------------
This function do stuff
This function do other stuff
<end of output>
Test time =   0.00 sec
----------------------------------------------------------
Test Passed.
"RunFunctionsTest" end time: Jul 29 12:08 PDT
"RunFunctionsTest" time elapsed: 00:00:00
----------------------------------------------------------

End testing: Jul 29 12:08 PDT
